- counter we are here
- counter 
- validate profile ACTIVE 
- validate profile ACTIVE 
- all fields req 
- all fields req 
- POST to SESS into var: 
- POST to SESS into var: 
- POST to SESS into var: 
- POST to SESS into var: 
- POST to SESS into var: 
- POST to SESS into var: 
- POST to SESS into var: 2
- POST to SESS into var: 
- POST to SESS into var: 
- POST to SESS into var: 
- POST to SESS into var: 
- POST to SESS into var: 
- POST to SESS into var: 2
- POST to SESS into var: 
- POST to SESS into var: 
- POST to SESS into var: 
- POST to SESS into var: 
- POST to SESS into var: 
- POST to SESS into var: user = 2
- POST to SESS into var: 
- POST to SESS into var: 
- POST to SESS into var: 
- POST to SESS into var: 
- POST to SESS into var: 
fields nn empt verified 
fields nn empt verified 
fields nn empt verified 
email check 
email check asd
email check asdasd@asdasd
email strlen: 0
email check 
email strlen: 3
email check asd
email strlen: 0
fn strlen: 0
ln strlen: 0
headline strlen: 0
summary strlen: 0
email check 
email strlen: 3
fn strlen: 0
ln strlen: 0
headline strlen: 3
summary strlen: 3
email check asd
-------
email strlen: 3
fn strlen: 0
ln strlen: 0
headline strlen: 3
summary strlen: 3
email check asd
email verified 
- rank count 1
- rank count 1
- year count 
- desc count 
- rank count 1
- year count 
- desc count 
- profile count 31
- rank count 1
- rank count 2
